<?xml version="1.0" encoding="UTF-8"?>
<!-- Generated by org.testng.reporters.JUnitXMLReporter -->
<testsuite ignored="1" hostname="DESKTOP-ENVM8MB" failures="0" tests="1" name="Default test" time="10.474" errors="0" timestamp="2026-01-10T09:40:47 IST">
  <testcase classname="rahulshettyacademy.tests.SubmitOrderTest" name="submitOrder" time="6.396"/>
  <testcase classname="rahulshettyacademy.tests.SubmitOrderTest" name="orderHistory" time="0.0">
    <ignored/>
  </testcase> <!-- orderHistory -->
</testsuite> <!-- Default test -->
