<?xml version="1.0" encoding="UTF-8"?>
<testng-results ignored="1" total="2" passed="1" failed="0" skipped="0">
  <reporter-output>
  </reporter-output>
  <suite started-at="2026-01-10T09:40:36 IST" name="Default suite" finished-at="2026-01-10T09:40:47 IST" duration-ms="10474">
    <groups>
    </groups>
    <test started-at="2026-01-10T09:40:36 IST" name="Default test" finished-at="2026-01-10T09:40:47 IST" duration-ms="10474">
      <class name="rahulshettyacademy.tests.SubmitOrderTest">
        <test-method is-config="true" signature="launchApplication()[pri:0, instance:rahulshettyacademy.tests.SubmitOrderTest@73a1e9a9]" started-at="2026-01-10T09:40:37 IST" name="launchApplication" finished-at="2026-01-10T09:40:40 IST" duration-ms="3882" status="PASS">
          <reporter-output>
          </reporter-output>
        </test-method> <!-- launchApplication -->
        <test-method signature="submitOrder()[pri:0, instance:rahulshettyacademy.tests.SubmitOrderTest@73a1e9a9]" started-at="2026-01-10T09:40:40 IST" name="submitOrder" finished-at="2026-01-10T09:40:47 IST" duration-ms="6396" status="PASS">
          <reporter-output>
          </reporter-output>
        </test-method> <!-- submitOrder -->
        <test-method is-config="true" signature="tearDown()[pri:0, instance:rahulshettyacademy.tests.SubmitOrderTest@73a1e9a9]" started-at="2026-01-10T09:40:47 IST" name="tearDown" finished-at="2026-01-10T09:40:47 IST" duration-ms="140" status="PASS">
          <reporter-output>
          </reporter-output>
        </test-method> <!-- tearDown -->
      </class> <!-- rahulshettyacademy.tests.SubmitOrderTest -->
    </test> <!-- Default test -->
  </suite> <!-- Default suite -->
</testng-results>
