<?xml version="1.0" encoding="UTF-8"?>
<!-- Generated by org.testng.reporters.JUnitReportReporter -->
<testsuite hostname="DESKTOP-ENVM8MB" failures="0" tests="2" name="rahulshettyacademy.tests.ErrorValidationsTest" time="17.660" errors="0" timestamp="2025-12-17T21:15:55 IST" skipped="0">
  <testcase classname="rahulshettyacademy.tests.ErrorValidationsTest" name="LoginErrorValidation" time="5.480"/>
  <testcase classname="rahulshettyacademy.tests.ErrorValidationsTest" name="ProductErrorValidations" time="12.180"/>
</testsuite> <!-- rahulshettyacademy.tests.ErrorValidationsTest -->
