<?xml version="1.0" encoding="UTF-8"?>
<!-- Generated by org.testng.reporters.JUnitReportReporter -->
<testsuite hostname="DESKTOP-ENVM8MB" failures="0" tests="2" name="rahulshettyacademy.tests.ErrorValidations" time="18.722" errors="0" timestamp="2025-11-16T22:31:50 IST" skipped="0">
  <testcase classname="rahulshettyacademy.tests.ErrorValidations" name="LoginErrorValidation" time="6.442"/>
  <testcase classname="rahulshettyacademy.tests.ErrorValidations" name="ProductErrorValidations" time="12.280"/>
</testsuite> <!-- rahulshettyacademy.tests.ErrorValidations -->
